2023-09-16 22:34:30 - Neovide panicked with the message 'Could not setup setting notifier for cursor_vfx_particle_curl: Error sending request 'nvim_command''. (File: src/error_handling.rs; Line: 5, Column: 5)
   0: <unknown>
   1: <unknown>
   2: <unknown>
   3: <unknown>
   4: <unknown>
   5: <unknown>
   6: <unknown>
   7: <unknown>
   8: <unknown>
   9: <unknown>
  10: <unknown>
  11: <unknown>
  12: <unknown>
  13: <unknown>
  14: start_thread
  15: __clone3

2023-09-16 22:34:30 - Neovide panicked with the message 'called `Result::unwrap()` on an `Err` value: SendError(Serial(MouseButton { button: "move", action: "", grid_id: 1, position: (103, 4), modifier_string: "" }))'. (File: src/event_aggregator.rs; Line: 51, Column: 28)
   0: <unknown>
   1: <unknown>
   2: <unknown>
   3: <unknown>
   4: <unknown>
   5: <unknown>
   6: <unknown>
   7: <unknown>
   8: <unknown>
   9: <unknown>
  10: <unknown>
  11: <unknown>
  12: <unknown>
  13: <unknown>
  14: <unknown>
  15: <unknown>
  16: <unknown>
  17: <unknown>
  18: <unknown>
  19: <unknown>
  20: <unknown>
  21: <unknown>
  22: __libc_start_call_main
  23: __libc_start_main_alias_2
  24: <unknown>

